<?xml version="1.0" encoding="UTF-8"?>
<!-- Generated by org.testng.reporters.JUnitReportReporter -->
<testsuite hostname="Jerome" failures="0" tests="1" name="nba_tests.NBA_Assesment" time="59.755" errors="0" timestamp="2024-10-27T17:47:39 IST" skipped="0">
  <testcase classname="nba_tests.NBA_Assesment" name="testNBAPlayer" time="59.755"/>
  <system-out/>
</testsuite> <!-- nba_tests.NBA_Assesment -->
